2025-10-03 18:53:37 [WARNING] Сообщение WARNING из потока 2
2025-10-03 18:53:37 [INFO] Сообщение INFO из потока 1
2025-10-03 18:53:37 [ERROR] Сообщение ERROR из потока 3
2025-10-03 18:53:37 [WARNING] Сообщение WARNING из потока 2
2025-10-03 18:53:37 [INFO] Сообщение INFO из потока 1
2025-10-03 18:53:37 [ERROR] Сообщение ERROR из потока 3
2025-10-03 18:53:37 [ERROR] Сообщение ERROR из потока 3
2025-10-03 18:53:37 [INFO] Сообщение INFO из потока 1
2025-10-03 18:53:37 [INFO] Сообщение INFO из потока 1
2025-10-03 18:53:37 [INFO] Сообщение INFO из потока 1
2025-10-03 18:53:37 [WARNING] Сообщение WARNING из потока 2
2025-10-03 18:53:37 [WARNING] Сообщение WARNING из потока 2
2025-10-03 18:53:37 [WARNING] Сообщение WARNING из потока 2
2025-10-03 18:53:37 [ERROR] Сообщение ERROR из потока 3
2025-10-03 18:53:37 [ERROR] Сообщение ERROR из потока 3
2025-10-03 18:56:17 [INFO] Сообщение INFO из потока 1
2025-10-03 18:56:17 [ERROR] Сообщение ERROR из потока 3
2025-10-03 18:56:17 [WARNING] Сообщение WARNING из потока 2
2025-10-03 18:56:17 [INFO] Сообщение INFO из потока 1
2025-10-03 18:56:17 [ERROR] Сообщение ERROR из потока 3
2025-10-03 18:56:17 [WARNING] Сообщение WARNING из потока 2
2025-10-03 18:56:17 [INFO] Сообщение INFO из потока 1
2025-10-03 18:56:17 [ERROR] Сообщение ERROR из потока 3
2025-10-03 18:56:17 [WARNING] Сообщение WARNING из потока 2
2025-10-03 18:56:17 [WARNING] Сообщение WARNING из потока 2
2025-10-03 18:56:17 [WARNING] Сообщение WARNING из потока 2
2025-10-03 18:56:17 [INFO] Сообщение INFO из потока 1
2025-10-03 18:56:17 [ERROR] Сообщение ERROR из потока 3
2025-10-03 18:56:17 [INFO] Сообщение INFO из потока 1
2025-10-03 18:56:17 [ERROR] Сообщение ERROR из потока 3
2025-10-10 18:31:25 [INFO] Message INFO from flow 1
2025-10-10 18:31:25 [ERROR] Message ERROR from flow 3
2025-10-10 18:31:25 [WARNING] Message WARNING from flow 2
2025-10-10 18:31:25 [INFO] Message INFO from flow 1
2025-10-10 18:31:25 [ERROR] Message ERROR from flow 3
2025-10-10 18:31:25 [WARNING] Message WARNING from flow 2
2025-10-10 18:31:25 [INFO] Message INFO from flow 1
2025-10-10 18:31:25 [ERROR] Message ERROR from flow 3
2025-10-10 18:31:25 [ERROR] Message ERROR from flow 3
2025-10-10 18:31:25 [INFO] Message INFO from flow 1
2025-10-10 18:31:25 [WARNING] Message WARNING from flow 2
2025-10-10 18:31:25 [ERROR] Message ERROR from flow 3
2025-10-10 18:31:25 [INFO] Message INFO from flow 1
2025-10-10 18:31:25 [WARNING] Message WARNING from flow 2
2025-10-10 18:31:25 [WARNING] Message WARNING from flow 2
